<?xml version="1.0" encoding="UTF-8"?>
<!-- Generated by org.testng.reporters.JUnitReportReporter -->
<testsuite skipped="2" hostname="LAPTOP-1RMVF318" name="com.automationpractice.testng.DependsOnMethod" tests="2" failures="0" timestamp="21 Feb 2020 19:29:54 GMT" time="0.000" errors="0">
  <testcase name="method2" time="0.000" classname="com.automationpractice.testng.DependsOnMethod">
    <skipped/>
  </testcase> <!-- method2 -->
  <testcase name="setupMethod" time="0.000" classname="com.automationpractice.testng.DependsOnMethod">
    <skipped/>
  </testcase> <!-- setupMethod -->
</testsuite> <!-- com.automationpractice.testng.DependsOnMethod -->
