<?xml version="1.0" encoding="UTF-8"?>
<!-- Generated by org.testng.reporters.JUnitReportReporter -->
<testsuite skipped="0" hostname="LAPTOP-1RMVF318" name="com.runner.TestNgRunner" tests="1" failures="0" timestamp="22 Feb 2020 22:43:13 GMT" time="42.594" errors="0">
  <testcase name="runScenario" time="42.594" classname="com.runner.TestNgRunner"/>
</testsuite> <!-- com.runner.TestNgRunner -->
