<?xml version="1.0" encoding="UTF-8"?>
<!-- Generated by org.testng.reporters.JUnitReportReporter -->
<testsuite skipped="0" hostname="LAPTOP-1RMVF318" name="com.automationpractice.AutomationPractice" tests="5" failures="0" timestamp="19 Jan 2020 01:43:32 GMT" time="54.838" errors="0">
  <testcase name="termsOfService" time="2.272" classname="com.automationpractice.AutomationPractice"/>
  <testcase name="product" time="3.866" classname="com.automationpractice.AutomationPractice"/>
  <testcase name="addTocart" time="15.706" classname="com.automationpractice.AutomationPractice"/>
  <testcase name="checkOut" time="15.086" classname="com.automationpractice.AutomationPractice"/>
  <testcase name="login" time="17.908" classname="com.automationpractice.AutomationPractice"/>
</testsuite> <!-- com.automationpractice.AutomationPractice -->
