<?xml version="1.0" encoding="UTF-8"?>
<!-- Generated by org.testng.reporters.JUnitReportReporter -->
<testsuite skipped="0" hostname="LAPTOP-1RMVF318" name="com.automationpractice.testng.ParameterTesting" tests="1" failures="0" timestamp="21 Feb 2020 21:34:50 GMT" time="0.009" errors="0">
  <testcase name="getbrowser" time="0.009" classname="com.automationpractice.testng.ParameterTesting"/>
</testsuite> <!-- com.automationpractice.testng.ParameterTesting -->
