<?xml version="1.0" encoding="UTF-8"?>
<!-- Generated by org.testng.reporters.JUnitReportReporter -->
<testsuite skipped="0" hostname="LAPTOP-1RMVF318" name="com.automationpractice.AutomationPractice" tests="1" failures="0" timestamp="26 Dec 2019 21:48:26 GMT" time="47.437" errors="0">
  <testcase name="login" time="47.437" classname="com.automationpractice.AutomationPractice"/>
</testsuite> <!-- com.automationpractice.AutomationPractice -->
