<?xml version="1.0" encoding="UTF-8"?>
<!-- Generated by org.testng.reporters.JUnitReportReporter -->
<testsuite skipped="0" hostname="LAPTOP-1RMVF318" name="com.automationpractice.AutomationPractice" tests="1" failures="0" timestamp="14 Dec 2019 20:00:34 GMT" time="53.949" errors="0">
  <testcase name="login" time="53.949" classname="com.automationpractice.AutomationPractice"/>
</testsuite> <!-- com.automationpractice.AutomationPractice -->
