<?xml version="1.0" encoding="UTF-8"?>
<!-- Generated by org.testng.reporters.JUnitReportReporter -->
<testsuite skipped="0" hostname="LAPTOP-1RMVF318" name="com.runner.TestNgRunner" tests="1" failures="0" timestamp="21 Feb 2020 17:24:16 GMT" time="44.716" errors="0">
  <testcase name="runScenario" time="44.716" classname="com.runner.TestNgRunner"/>
</testsuite> <!-- com.runner.TestNgRunner -->
