<?xml version="1.0" encoding="UTF-8"?>
<!-- Generated by org.testng.reporters.JUnitReportReporter -->
<testsuite skipped="0" hostname="LAPTOP-1RMVF318" name="com.automationpractice.AutomationPractice" tests="5" failures="0" timestamp="21 Feb 2020 22:15:14 GMT" time="40.860" errors="0">
  <testcase name="login" time="8.519" classname="com.automationpractice.AutomationPractice"/>
  <testcase name="checkOut" time="13.343" classname="com.automationpractice.AutomationPractice"/>
  <testcase name="addTocart" time="12.453" classname="com.automationpractice.AutomationPractice"/>
  <testcase name="product" time="4.392" classname="com.automationpractice.AutomationPractice"/>
  <testcase name="termsOfService" time="2.153" classname="com.automationpractice.AutomationPractice"/>
</testsuite> <!-- com.automationpractice.AutomationPractice -->
