<?xml version="1.0" encoding="UTF-8"?>
<!-- Generated by org.testng.reporters.JUnitReportReporter -->
<testsuite skipped="0" hostname="LAPTOP-1RMVF318" name="com.automationpractice.AutomationPractice" tests="5" failures="0" timestamp="10 Feb 2020 21:14:19 GMT" time="42.138" errors="0">
  <testcase name="addTocart" time="12.913" classname="com.automationpractice.AutomationPractice"/>
  <testcase name="termsOfService" time="2.086" classname="com.automationpractice.AutomationPractice"/>
  <testcase name="checkOut" time="15.404" classname="com.automationpractice.AutomationPractice"/>
  <testcase name="login" time="8.661" classname="com.automationpractice.AutomationPractice"/>
  <testcase name="product" time="3.074" classname="com.automationpractice.AutomationPractice"/>
</testsuite> <!-- com.automationpractice.AutomationPractice -->
