<?xml version="1.0" encoding="UTF-8"?>
<!-- Generated by org.testng.reporters.JUnitReportReporter -->
<testsuite skipped="0" hostname="LAPTOP-1RMVF318" name="com.dependsonTestng.DependsOn$AutomationPractice" tests="5" failures="0" timestamp="26 Feb 2020 18:59:38 GMT" time="37.318" errors="0">
  <testcase name="addTocart" time="12.585" classname="com.dependsonTestng.DependsOn$AutomationPractice"/>
  <testcase name="checkOut" time="12.103" classname="com.dependsonTestng.DependsOn$AutomationPractice"/>
  <testcase name="product" time="2.818" classname="com.dependsonTestng.DependsOn$AutomationPractice"/>
  <testcase name="termsOfService" time="2.111" classname="com.dependsonTestng.DependsOn$AutomationPractice"/>
  <testcase name="login" time="7.701" classname="com.dependsonTestng.DependsOn$AutomationPractice"/>
</testsuite> <!-- com.dependsonTestng.DependsOn$AutomationPractice -->
