<?xml version="1.0" encoding="UTF-8"?>
<!-- Generated by org.testng.reporters.JUnitReportReporter -->
<testsuite skipped="0" hostname="LAPTOP-1RMVF318" name="com.automationpractice.AutomationPractice" tests="5" failures="0" timestamp="05 Feb 2020 22:28:49 GMT" time="43.394" errors="0">
  <testcase name="termsOfService" time="2.140" classname="com.automationpractice.AutomationPractice"/>
  <testcase name="product" time="3.294" classname="com.automationpractice.AutomationPractice"/>
  <testcase name="addTocart" time="14.450" classname="com.automationpractice.AutomationPractice"/>
  <testcase name="checkOut" time="13.304" classname="com.automationpractice.AutomationPractice"/>
  <testcase name="login" time="10.206" classname="com.automationpractice.AutomationPractice"/>
</testsuite> <!-- com.automationpractice.AutomationPractice -->
