<?xml version="1.0" encoding="UTF-8"?>
<!-- Generated by org.testng.reporters.JUnitReportReporter -->
<testsuite skipped="0" hostname="LAPTOP-1RMVF318" name="com.runner.TestNgRunner" tests="1" failures="0" timestamp="14 Apr 2020 03:55:56 GMT" time="51.250" errors="0">
  <testcase name="runScenario" time="51.250" classname="com.runner.TestNgRunner"/>
</testsuite> <!-- com.runner.TestNgRunner -->
