<?xml version="1.0" encoding="UTF-8"?>
<!-- Generated by org.testng.reporters.JUnitReportReporter -->
<testsuite skipped="0" hostname="LAPTOP-1RMVF318" name="com.runner.TestNGRunner$TestNgRunner" tests="1" failures="0" timestamp="09 Feb 2020 20:26:17 GMT" time="7.077" errors="0">
  <testcase name="runScenario" time="7.077" classname="com.runner.TestNGRunner$TestNgRunner"/>
</testsuite> <!-- com.runner.TestNGRunner$TestNgRunner -->
