<?xml version="1.0" encoding="UTF-8"?>
<!-- Generated by org.testng.reporters.JUnitReportReporter -->
<testsuite skipped="0" hostname="LAPTOP-1RMVF318" name="com.automationpractice.AutomationPractice" tests="5" failures="0" timestamp="20 Feb 2020 00:17:06 GMT" time="42.819" errors="0">
  <testcase name="login" time="9.267" classname="com.automationpractice.AutomationPractice"/>
  <testcase name="checkOut" time="16.077" classname="com.automationpractice.AutomationPractice"/>
  <testcase name="addTocart" time="11.129" classname="com.automationpractice.AutomationPractice"/>
  <testcase name="product" time="4.180" classname="com.automationpractice.AutomationPractice"/>
  <testcase name="termsOfService" time="2.166" classname="com.automationpractice.AutomationPractice"/>
</testsuite> <!-- com.automationpractice.AutomationPractice -->
